{"message":{"id":"1","name":"יובל פורמן אסא","teamId":"6","isHere":false,"status":"here","reason":"","prevStatus":"undefined","action":"statusChange"},"level":"info"}
{"message":{"id":"2","name":"דניאל טופליאן","teamId":"6","isHere":false,"status":"missing","reason":"מטבח","prevStatus":"undefined","action":"statusChange"},"level":"info"}
{"message":{"id":"3","name":"יאיר כהן","teamId":"6","isHere":false,"status":"missing","reason":"רספיה","prevStatus":"undefined","action":"statusChange"},"level":"info"}
{"message":{"id":"4","name":"טל אלמסי","teamId":"6","isHere":false,"status":"here","reason":"","prevStatus":"undefined","action":"statusChange"},"level":"info"}
{"message":{"id":"5","name":"עמר אגא","teamId":"6","isHere":false,"status":"here","reason":"","prevStatus":"undefined","action":"statusChange"},"level":"info"}
{"message":{"id":"6","name":"פלי מגיד","teamId":"6","isHere":false,"status":"here","reason":"","prevStatus":"undefined","action":"statusChange"},"level":"info"}
{"message":{"id":"7","name":"אביטל גוטמן","teamId":"6","isHere":false,"status":"here","reason":"","prevStatus":"undefined","action":"statusChange"},"level":"info"}
{"message":{"id":"8","name":"נטע חזי","teamId":"6","isHere":false,"status":"here","reason":"","prevStatus":"undefined","action":"statusChange"},"level":"info"}
{"message":{"id":"9","name":"אלון כרמלי","teamId":"6","isHere":false,"status":"missing","reason":"מטבח","prevStatus":"undefined","action":"statusChange"},"level":"info"}
{"message":{"id":"10","name":"מעין לזר","teamId":"6","isHere":false,"status":"here","reason":"","prevStatus":"undefined","action":"statusChange"},"level":"info"}
{"message":{"id":"11","name":"עמית יצחקי","teamId":"6","isHere":false,"status":"here","reason":"","prevStatus":"undefined","action":"statusChange"},"level":"info"}
{"message":{"id":"12","name":"ניצן נדיר","teamId":"6","isHere":false,"status":"here","reason":"","prevStatus":"undefined","action":"statusChange"},"level":"info"}
{"message":{"id":"13","name":"מעין גפן","teamId":"6","isHere":false,"status":"here","reason":"","prevStatus":"undefined","action":"statusChange"},"level":"info"}
{"message":{"id":"14","name":"לירז אסמרה","teamId":"6","isHere":false,"status":"here","reason":"","prevStatus":"undefined","action":"statusChange"},"level":"info"}
{"message":{"id":"15","name":"רוני שהינו","teamId":"6","isHere":false,"status":"here","reason":"","prevStatus":"undefined","action":"statusChange"},"level":"info"}
{"message":{"id":"1","name":"יובל פורמן אסא","teamId":"6","isHere":false,"status":"undefined","reason":"","prevStatus":"here","action":"statusChange"},"level":"info"}
{"message":{"id":"2","name":"דניאל טופליאן","teamId":"6","isHere":false,"status":"undefined","reason":"מטבח","prevStatus":"missing","action":"statusChange"},"level":"info"}
{"message":{"id":"3","name":"יאיר כהן","teamId":"6","isHere":false,"status":"undefined","reason":"רספיה","prevStatus":"missing","action":"statusChange"},"level":"info"}
{"message":{"id":"4","name":"טל אלמסי","teamId":"6","isHere":false,"status":"undefined","reason":"","prevStatus":"here","action":"statusChange"},"level":"info"}
{"message":{"id":"5","name":"עמר אגא","teamId":"6","isHere":false,"status":"undefined","reason":"","prevStatus":"here","action":"statusChange"},"level":"info"}
{"message":{"id":"6","name":"פלי מגיד","teamId":"6","isHere":false,"status":"undefined","reason":"","prevStatus":"here","action":"statusChange"},"level":"info"}
{"message":{"id":"7","name":"אביטל גוטמן","teamId":"6","isHere":false,"status":"undefined","reason":"","prevStatus":"here","action":"statusChange"},"level":"info"}
{"message":{"id":"8","name":"נטע חזי","teamId":"6","isHere":false,"status":"undefined","reason":"","prevStatus":"here","action":"statusChange"},"level":"info"}
{"message":{"id":"9","name":"אלון כרמלי","teamId":"6","isHere":false,"status":"undefined","reason":"מטבח","prevStatus":"missing","action":"statusChange"},"level":"info"}
{"message":{"id":"10","name":"מעין לזר","teamId":"6","isHere":false,"status":"undefined","reason":"","prevStatus":"here","action":"statusChange"},"level":"info"}
{"message":{"id":"11","name":"עמית יצחקי","teamId":"6","isHere":false,"status":"undefined","reason":"","prevStatus":"here","action":"statusChange"},"level":"info"}
{"message":{"id":"12","name":"ניצן נדיר","teamId":"6","isHere":false,"status":"undefined","reason":"","prevStatus":"here","action":"statusChange"},"level":"info"}
{"message":{"id":"13","name":"מעין גפן","teamId":"6","isHere":false,"status":"undefined","reason":"","prevStatus":"here","action":"statusChange"},"level":"info"}
{"message":{"id":"14","name":"לירז אסמרה","teamId":"6","isHere":false,"status":"undefined","reason":"","prevStatus":"here","action":"statusChange"},"level":"info"}
{"message":{"id":"15","name":"רוני שהינו","teamId":"6","isHere":false,"status":"undefined","reason":"","prevStatus":"here","action":"statusChange"},"level":"info"}
{"message":{"teamId":"6","action":"resetStatusForTeam"},"level":"info"}
{"message":{"id":"32","name":"יעל אברם","teamId":"7","isHere":false,"status":"missing","reason":"מטבח","prevStatus":"undefined","action":"statusChange"},"level":"info"}
{"message":{"id":"33","name":"אור אייזנברג","teamId":"7","isHere":false,"status":"here","reason":"","prevStatus":"undefined","action":"statusChange"},"level":"info"}
{"message":{"id":"34","name":"יוסי אסולין","teamId":"7","isHere":false,"status":"missing","reason":"מטבח","prevStatus":"undefined","action":"statusChange"},"level":"info"}
{"message":{"id":"35","name":"ולד בוריסנקו","teamId":"7","isHere":false,"status":"here","reason":"","prevStatus":"undefined","action":"statusChange"},"level":"info"}
{"message":{"id":"36","name":"קרן גייכמן","teamId":"7","isHere":false,"status":"here","reason":"","prevStatus":"undefined","action":"statusChange"},"level":"info"}
{"message":{"id":"37","name":"יהלי אשרי","teamId":"7","isHere":false,"status":"missing","reason":"רספיה","prevStatus":"undefined","action":"statusChange"},"level":"info"}
{"message":{"id":"38","name":"מעין גרשלר","teamId":"7","isHere":false,"status":"here","reason":"","prevStatus":"undefined","action":"statusChange"},"level":"info"}
{"message":{"id":"39","name":"אבי ורד","teamId":"7","isHere":false,"status":"missing","reason":"וואי נטחן כל כך הרבה במטבח","prevStatus":"undefined","action":"statusChange"},"level":"info"}
{"message":{"id":"40","name":"גל חורש","teamId":"7","isHere":false,"status":"here","reason":"","prevStatus":"undefined","action":"statusChange"},"level":"info"}
{"message":{"id":"41","name":"תמר כרמלי","teamId":"7","isHere":false,"status":"here","reason":"","prevStatus":"undefined","action":"statusChange"},"level":"info"}
{"message":{"id":"42","name":"איל ויל","teamId":"7","isHere":false,"status":"here","reason":"","prevStatus":"undefined","action":"statusChange"},"level":"info"}
{"message":{"id":"43","name":"יזהר אננייב","teamId":"7","isHere":false,"status":"here","reason":"","prevStatus":"undefined","action":"statusChange"},"level":"info"}
{"message":{"id":"44","name":"מתן שטראחמן","teamId":"7","isHere":false,"status":"here","reason":"","prevStatus":"undefined","action":"statusChange"},"level":"info"}
{"message":{"id":"32","name":"יעל אברם","teamId":"7","isHere":false,"status":"undefined","reason":"מטבח","prevStatus":"missing","action":"statusChange"},"level":"info"}
{"message":{"id":"33","name":"אור אייזנברג","teamId":"7","isHere":false,"status":"undefined","reason":"","prevStatus":"here","action":"statusChange"},"level":"info"}
{"message":{"id":"34","name":"יוסי אסולין","teamId":"7","isHere":false,"status":"undefined","reason":"מטבח","prevStatus":"missing","action":"statusChange"},"level":"info"}
{"message":{"id":"35","name":"ולד בוריסנקו","teamId":"7","isHere":false,"status":"undefined","reason":"","prevStatus":"here","action":"statusChange"},"level":"info"}
{"message":{"id":"36","name":"קרן גייכמן","teamId":"7","isHere":false,"status":"undefined","reason":"","prevStatus":"here","action":"statusChange"},"level":"info"}
{"message":{"id":"37","name":"יהלי אשרי","teamId":"7","isHere":false,"status":"undefined","reason":"רספיה","prevStatus":"missing","action":"statusChange"},"level":"info"}
{"message":{"id":"38","name":"מעין גרשלר","teamId":"7","isHere":false,"status":"undefined","reason":"","prevStatus":"here","action":"statusChange"},"level":"info"}
{"message":{"id":"39","name":"אבי ורד","teamId":"7","isHere":false,"status":"undefined","reason":"וואי נטחן כל כך הרבה במטבח","prevStatus":"missing","action":"statusChange"},"level":"info"}
{"message":{"id":"40","name":"גל חורש","teamId":"7","isHere":false,"status":"undefined","reason":"","prevStatus":"here","action":"statusChange"},"level":"info"}
{"message":{"id":"41","name":"תמר כרמלי","teamId":"7","isHere":false,"status":"undefined","reason":"","prevStatus":"here","action":"statusChange"},"level":"info"}
{"message":{"id":"42","name":"איל ויל","teamId":"7","isHere":false,"status":"undefined","reason":"","prevStatus":"here","action":"statusChange"},"level":"info"}
{"message":{"id":"43","name":"יזהר אננייב","teamId":"7","isHere":false,"status":"undefined","reason":"","prevStatus":"here","action":"statusChange"},"level":"info"}
{"message":{"id":"44","name":"מתן שטראחמן","teamId":"7","isHere":false,"status":"undefined","reason":"","prevStatus":"here","action":"statusChange"},"level":"info"}
{"message":{"teamId":"7","action":"resetStatusForTeam"},"level":"info"}
{"message":{"id":"45","name":"נטע דרור","teamId":"8","isHere":false,"status":"here","reason":"","prevStatus":"undefined","action":"statusChange"},"level":"info"}
{"message":{"id":"46","name":"ליהי פז","teamId":"8","isHere":false,"status":"missing","reason":"קדר","prevStatus":"undefined","action":"statusChange"},"level":"info"}
{"message":{"id":"47","name":"אילה דהן","teamId":"8","isHere":false,"status":"missing","reason":"קדר מונפץ","prevStatus":"undefined","action":"statusChange"},"level":"info"}
{"message":{"id":"48","name":"גלי גדות גמליאלי","teamId":"8","isHere":false,"status":"here","reason":"","prevStatus":"undefined","action":"statusChange"},"level":"info"}
{"message":{"id":"49","name":"בר דודי","teamId":"8","isHere":false,"status":"here","reason":"","prevStatus":"undefined","action":"statusChange"},"level":"info"}
{"message":{"id":"50","name":"גיל גרשוביץ","teamId":"8","isHere":false,"status":"here","reason":"","prevStatus":"undefined","action":"statusChange"},"level":"info"}
{"message":{"id":"51","name":"שירה נחום","teamId":"8","isHere":false,"status":"here","reason":"","prevStatus":"undefined","action":"statusChange"},"level":"info"}
{"message":{"id":"52","name":"שי מושיאשוילי","teamId":"8","isHere":false,"status":"missing","reason":"מטבח","prevStatus":"undefined","action":"statusChange"},"level":"info"}
{"message":{"id":"53","name":"סער כץ","teamId":"8","isHere":false,"status":"missing","reason":"רספיה","prevStatus":"undefined","action":"statusChange"},"level":"info"}
{"message":{"id":"54","name":"עינת חמו","teamId":"8","isHere":false,"status":"here","reason":"","prevStatus":"undefined","action":"statusChange"},"level":"info"}
{"message":{"id":"55","name":"רוני לבן","teamId":"8","isHere":false,"status":"here","reason":"","prevStatus":"undefined","action":"statusChange"},"level":"info"}
{"message":{"id":"56","name":"גל מוריה","teamId":"8","isHere":false,"status":"here","reason":"","prevStatus":"undefined","action":"statusChange"},"level":"info"}
{"message":{"id":"57","name":"אביב הלל","teamId":"8","isHere":false,"status":"here","reason":"","prevStatus":"undefined","action":"statusChange"},"level":"info"}
{"message":{"id":"58","name":"דר פיינשטיין","teamId":"8","isHere":false,"status":"here","reason":"","prevStatus":"undefined","action":"statusChange"},"level":"info"}
{"message":{"id":"59","name":"איתי נוימן","teamId":"8","isHere":false,"status":"here","reason":"","prevStatus":"undefined","action":"statusChange"},"level":"info"}
{"message":{"id":"60","name":"אביב עזרא","teamId":"8","isHere":false,"status":"here","reason":"","prevStatus":"undefined","action":"statusChange"},"level":"info"}
{"message":{"id":"1","name":"יובל פורמן אסא","teamId":"6","isHere":false,"status":"undefined","reason":"","prevStatus":"undefined","action":"statusChange"},"level":"info"}
{"message":{"id":"2","name":"דניאל טופליאן","teamId":"6","isHere":false,"status":"undefined","reason":"מטבח","prevStatus":"undefined","action":"statusChange"},"level":"info"}
{"message":{"id":"3","name":"יאיר כהן","teamId":"6","isHere":false,"status":"undefined","reason":"רספיה","prevStatus":"undefined","action":"statusChange"},"level":"info"}
{"message":{"id":"4","name":"טל אלמסי","teamId":"6","isHere":false,"status":"undefined","reason":"","prevStatus":"undefined","action":"statusChange"},"level":"info"}
{"message":{"id":"5","name":"עמר אגא","teamId":"6","isHere":false,"status":"undefined","reason":"","prevStatus":"undefined","action":"statusChange"},"level":"info"}
{"message":{"id":"6","name":"פלי מגיד","teamId":"6","isHere":false,"status":"undefined","reason":"","prevStatus":"undefined","action":"statusChange"},"level":"info"}
{"message":{"id":"7","name":"אביטל גוטמן","teamId":"6","isHere":false,"status":"undefined","reason":"","prevStatus":"undefined","action":"statusChange"},"level":"info"}
{"message":{"id":"8","name":"נטע חזי","teamId":"6","isHere":false,"status":"undefined","reason":"","prevStatus":"undefined","action":"statusChange"},"level":"info"}
{"message":{"id":"9","name":"אלון כרמלי","teamId":"6","isHere":false,"status":"undefined","reason":"מטבח","prevStatus":"undefined","action":"statusChange"},"level":"info"}
{"message":{"id":"10","name":"מעין לזר","teamId":"6","isHere":false,"status":"undefined","reason":"","prevStatus":"undefined","action":"statusChange"},"level":"info"}
{"message":{"id":"11","name":"עמית יצחקי","teamId":"6","isHere":false,"status":"undefined","reason":"","prevStatus":"undefined","action":"statusChange"},"level":"info"}
{"message":{"id":"12","name":"ניצן נדיר","teamId":"6","isHere":false,"status":"undefined","reason":"","prevStatus":"undefined","action":"statusChange"},"level":"info"}
{"message":{"id":"13","name":"מעין גפן","teamId":"6","isHere":false,"status":"undefined","reason":"","prevStatus":"undefined","action":"statusChange"},"level":"info"}
{"message":{"id":"14","name":"לירז אסמרה","teamId":"6","isHere":false,"status":"undefined","reason":"","prevStatus":"undefined","action":"statusChange"},"level":"info"}
{"message":{"id":"15","name":"רוני שהינו","teamId":"6","isHere":false,"status":"undefined","reason":"","prevStatus":"undefined","action":"statusChange"},"level":"info"}
{"message":{"id":"17","name":"שובל אגמון","teamId":"5","isHere":false,"status":"undefined","reason":"","prevStatus":"undefined","action":"statusChange"},"level":"info"}
{"message":{"id":"18","name":"טל אמיניזר","teamId":"5","isHere":false,"status":"undefined","reason":"","prevStatus":"undefined","action":"statusChange"},"level":"info"}
{"message":{"id":"19","name":"טליה גנוסר","teamId":"5","isHere":false,"status":"undefined","reason":"","prevStatus":"undefined","action":"statusChange"},"level":"info"}
{"message":{"id":"20","name":"ליאור זכריה","teamId":"5","isHere":false,"status":"undefined","reason":"","prevStatus":"undefined","action":"statusChange"},"level":"info"}
{"message":{"id":"21","name":"נועה צוברי","teamId":"5","isHere":false,"status":"undefined","reason":"","prevStatus":"undefined","action":"statusChange"},"level":"info"}
{"message":{"id":"22","name":"מרוה קוראין","teamId":"5","isHere":false,"status":"undefined","reason":"","prevStatus":"undefined","action":"statusChange"},"level":"info"}
{"message":{"id":"23","name":"גאיה הדרי","teamId":"5","isHere":false,"status":"undefined","reason":"","prevStatus":"undefined","action":"statusChange"},"level":"info"}
{"message":{"id":"25","name":"הדס יהוד","teamId":"5","isHere":false,"status":"undefined","reason":"","prevStatus":"undefined","action":"statusChange"},"level":"info"}
{"message":{"id":"26","name":"קוראל מרגי","teamId":"5","isHere":false,"status":"undefined","reason":"","prevStatus":"undefined","action":"statusChange"},"level":"info"}
{"message":{"id":"27","name":"הילה דודיאן","teamId":"5","isHere":false,"status":"undefined","reason":"","prevStatus":"undefined","action":"statusChange"},"level":"info"}
{"message":{"id":"28","name":"עמית שגיא","teamId":"5","isHere":false,"status":"undefined","reason":"","prevStatus":"undefined","action":"statusChange"},"level":"info"}
{"message":{"id":"29","name":"נטע אליאס","teamId":"5","isHere":false,"status":"undefined","reason":"","prevStatus":"undefined","action":"statusChange"},"level":"info"}
{"message":{"id":"30","name":"אריאל שביב","teamId":"5","isHere":false,"status":"undefined","reason":"","prevStatus":"undefined","action":"statusChange"},"level":"info"}
{"message":{"id":"31","name":"נועה אהרוני","teamId":"5","isHere":false,"status":"undefined","reason":"","prevStatus":"undefined","action":"statusChange"},"level":"info"}
{"message":{"id":"32","name":"יעל אברם","teamId":"7","isHere":false,"status":"undefined","reason":"מטבח","prevStatus":"undefined","action":"statusChange"},"level":"info"}
{"message":{"id":"33","name":"אור אייזנברג","teamId":"7","isHere":false,"status":"undefined","reason":"","prevStatus":"undefined","action":"statusChange"},"level":"info"}
{"message":{"id":"34","name":"יוסי אסולין","teamId":"7","isHere":false,"status":"undefined","reason":"מטבח","prevStatus":"undefined","action":"statusChange"},"level":"info"}
{"message":{"id":"35","name":"ולד בוריסנקו","teamId":"7","isHere":false,"status":"undefined","reason":"","prevStatus":"undefined","action":"statusChange"},"level":"info"}
{"message":{"id":"36","name":"קרן גייכמן","teamId":"7","isHere":false,"status":"undefined","reason":"","prevStatus":"undefined","action":"statusChange"},"level":"info"}
{"message":{"id":"37","name":"יהלי אשרי","teamId":"7","isHere":false,"status":"undefined","reason":"רספיה","prevStatus":"undefined","action":"statusChange"},"level":"info"}
{"message":{"id":"38","name":"מעין גרשלר","teamId":"7","isHere":false,"status":"undefined","reason":"","prevStatus":"undefined","action":"statusChange"},"level":"info"}
{"message":{"id":"39","name":"אבי ורד","teamId":"7","isHere":false,"status":"undefined","reason":"וואי נטחן כל כך הרבה במטבח","prevStatus":"undefined","action":"statusChange"},"level":"info"}
{"message":{"id":"40","name":"גל חורש","teamId":"7","isHere":false,"status":"undefined","reason":"","prevStatus":"undefined","action":"statusChange"},"level":"info"}
{"message":{"id":"41","name":"תמר כרמלי","teamId":"7","isHere":false,"status":"undefined","reason":"","prevStatus":"undefined","action":"statusChange"},"level":"info"}
{"message":{"id":"42","name":"איל ויל","teamId":"7","isHere":false,"status":"undefined","reason":"","prevStatus":"undefined","action":"statusChange"},"level":"info"}
{"message":{"id":"43","name":"יזהר אננייב","teamId":"7","isHere":false,"status":"undefined","reason":"","prevStatus":"undefined","action":"statusChange"},"level":"info"}
{"message":{"id":"44","name":"מתן שטראחמן","teamId":"7","isHere":false,"status":"undefined","reason":"","prevStatus":"undefined","action":"statusChange"},"level":"info"}
{"message":{"id":"45","name":"נטע דרור","teamId":"8","isHere":false,"status":"undefined","reason":"","prevStatus":"here","action":"statusChange"},"level":"info"}
{"message":{"id":"46","name":"ליהי פז","teamId":"8","isHere":false,"status":"undefined","reason":"קאדר","prevStatus":"missing","action":"statusChange"},"level":"info"}
{"message":{"id":"47","name":"אילה דהן","teamId":"8","isHere":false,"status":"undefined","reason":"קאדר מונפץ","prevStatus":"missing","action":"statusChange"},"level":"info"}
{"message":{"id":"48","name":"גלי גדות גמליאלי","teamId":"8","isHere":false,"status":"undefined","reason":"","prevStatus":"here","action":"statusChange"},"level":"info"}
{"message":{"id":"49","name":"בר דודי","teamId":"8","isHere":false,"status":"undefined","reason":"","prevStatus":"here","action":"statusChange"},"level":"info"}
{"message":{"id":"50","name":"גיל גרשוביץ","teamId":"8","isHere":false,"status":"undefined","reason":"","prevStatus":"here","action":"statusChange"},"level":"info"}
{"message":{"id":"51","name":"שירה נחום","teamId":"8","isHere":false,"status":"undefined","reason":"","prevStatus":"here","action":"statusChange"},"level":"info"}
{"message":{"id":"52","name":"שי מושיאשוילי","teamId":"8","isHere":false,"status":"undefined","reason":"מטבח","prevStatus":"missing","action":"statusChange"},"level":"info"}
{"message":{"id":"53","name":"סער כץ","teamId":"8","isHere":false,"status":"undefined","reason":"רספיה","prevStatus":"missing","action":"statusChange"},"level":"info"}
{"message":{"id":"54","name":"עינת חמו","teamId":"8","isHere":false,"status":"undefined","reason":"","prevStatus":"here","action":"statusChange"},"level":"info"}
{"message":{"id":"55","name":"רוני לבן","teamId":"8","isHere":false,"status":"undefined","reason":"","prevStatus":"here","action":"statusChange"},"level":"info"}
{"message":{"id":"56","name":"גל מוריה","teamId":"8","isHere":false,"status":"undefined","reason":"","prevStatus":"here","action":"statusChange"},"level":"info"}
{"message":{"id":"57","name":"אביב הלל","teamId":"8","isHere":false,"status":"undefined","reason":"","prevStatus":"here","action":"statusChange"},"level":"info"}
{"message":{"id":"58","name":"דר פיינשטיין","teamId":"8","isHere":false,"status":"undefined","reason":"","prevStatus":"here","action":"statusChange"},"level":"info"}
{"message":{"id":"59","name":"איתי נוימן","teamId":"8","isHere":false,"status":"undefined","reason":"","prevStatus":"here","action":"statusChange"},"level":"info"}
{"message":{"id":"60","name":"אביב עזרא","teamId":"8","isHere":false,"status":"undefined","reason":"","prevStatus":"here","action":"statusChange"},"level":"info"}
{"message":{"action":"resetStatusForAllTeams"},"level":"info"}
{"message":{"id":"1","name":"יובל פורמן אסא","teamId":"6","isHere":false,"status":"undefined","reason":"","prevStatus":"undefined","action":"statusChange"},"level":"info"}
{"message":{"id":"2","name":"דניאל טופליאן","teamId":"6","isHere":false,"status":"undefined","reason":"מטבח","prevStatus":"undefined","action":"statusChange"},"level":"info"}
{"message":{"id":"3","name":"יאיר כהן","teamId":"6","isHere":false,"status":"undefined","reason":"רספיה","prevStatus":"undefined","action":"statusChange"},"level":"info"}
{"message":{"id":"4","name":"טל אלמסי","teamId":"6","isHere":false,"status":"undefined","reason":"","prevStatus":"undefined","action":"statusChange"},"level":"info"}
{"message":{"id":"5","name":"עמר אגא","teamId":"6","isHere":false,"status":"undefined","reason":"","prevStatus":"undefined","action":"statusChange"},"level":"info"}
{"message":{"id":"6","name":"פלי מגיד","teamId":"6","isHere":false,"status":"undefined","reason":"","prevStatus":"undefined","action":"statusChange"},"level":"info"}
{"message":{"id":"7","name":"אביטל גוטמן","teamId":"6","isHere":false,"status":"undefined","reason":"","prevStatus":"undefined","action":"statusChange"},"level":"info"}
{"message":{"id":"8","name":"נטע חזי","teamId":"6","isHere":false,"status":"undefined","reason":"","prevStatus":"undefined","action":"statusChange"},"level":"info"}
{"message":{"id":"9","name":"אלון כרמלי","teamId":"6","isHere":false,"status":"undefined","reason":"מטבח","prevStatus":"undefined","action":"statusChange"},"level":"info"}
{"message":{"id":"10","name":"מעין לזר","teamId":"6","isHere":false,"status":"undefined","reason":"","prevStatus":"undefined","action":"statusChange"},"level":"info"}
{"message":{"id":"11","name":"עמית יצחקי","teamId":"6","isHere":false,"status":"undefined","reason":"","prevStatus":"undefined","action":"statusChange"},"level":"info"}
{"message":{"id":"12","name":"ניצן נדיר","teamId":"6","isHere":false,"status":"undefined","reason":"","prevStatus":"undefined","action":"statusChange"},"level":"info"}
{"message":{"id":"13","name":"מעין גפן","teamId":"6","isHere":false,"status":"undefined","reason":"","prevStatus":"undefined","action":"statusChange"},"level":"info"}
{"message":{"id":"14","name":"לירז אסמרה","teamId":"6","isHere":false,"status":"undefined","reason":"","prevStatus":"undefined","action":"statusChange"},"level":"info"}
{"message":{"id":"15","name":"רוני שהינו","teamId":"6","isHere":false,"status":"undefined","reason":"","prevStatus":"undefined","action":"statusChange"},"level":"info"}
{"message":{"teamId":"6","action":"resetStatusForTeam"},"level":"info"}
{"message":{"id":"17","name":"שובל אגמון","teamId":"5","isHere":false,"status":"undefined","reason":"","prevStatus":"undefined","action":"statusChange"},"level":"info"}
{"message":{"id":"18","name":"טל אמיניזר","teamId":"5","isHere":false,"status":"undefined","reason":"","prevStatus":"undefined","action":"statusChange"},"level":"info"}
{"message":{"id":"19","name":"טליה גנוסר","teamId":"5","isHere":false,"status":"undefined","reason":"","prevStatus":"undefined","action":"statusChange"},"level":"info"}
{"message":{"id":"20","name":"ליאור זכריה","teamId":"5","isHere":false,"status":"undefined","reason":"","prevStatus":"undefined","action":"statusChange"},"level":"info"}
{"message":{"id":"21","name":"נועה צוברי","teamId":"5","isHere":false,"status":"undefined","reason":"","prevStatus":"undefined","action":"statusChange"},"level":"info"}
{"message":{"id":"22","name":"מרוה קוראין","teamId":"5","isHere":false,"status":"undefined","reason":"","prevStatus":"undefined","action":"statusChange"},"level":"info"}
{"message":{"id":"23","name":"גאיה הדרי","teamId":"5","isHere":false,"status":"undefined","reason":"","prevStatus":"undefined","action":"statusChange"},"level":"info"}
{"message":{"id":"25","name":"הדס יהוד","teamId":"5","isHere":false,"status":"undefined","reason":"","prevStatus":"undefined","action":"statusChange"},"level":"info"}
{"message":{"id":"26","name":"קוראל מרגי","teamId":"5","isHere":false,"status":"undefined","reason":"","prevStatus":"undefined","action":"statusChange"},"level":"info"}
{"message":{"id":"27","name":"הילה דודיאן","teamId":"5","isHere":false,"status":"undefined","reason":"","prevStatus":"undefined","action":"statusChange"},"level":"info"}
{"message":{"id":"28","name":"עמית שגיא","teamId":"5","isHere":false,"status":"undefined","reason":"","prevStatus":"undefined","action":"statusChange"},"level":"info"}
{"message":{"id":"29","name":"נטע אליאס","teamId":"5","isHere":false,"status":"undefined","reason":"","prevStatus":"undefined","action":"statusChange"},"level":"info"}
{"message":{"id":"30","name":"אריאל שביב","teamId":"5","isHere":false,"status":"undefined","reason":"","prevStatus":"undefined","action":"statusChange"},"level":"info"}
{"message":{"id":"31","name":"נועה אהרוני","teamId":"5","isHere":false,"status":"undefined","reason":"","prevStatus":"undefined","action":"statusChange"},"level":"info"}
{"message":{"teamId":"5","action":"resetStatusForTeam"},"level":"info"}
{"message":{"id":"45","name":"נטע דרור","teamId":"8","isHere":false,"status":"undefined","reason":"","prevStatus":"undefined","action":"statusChange"},"level":"info"}
{"message":{"id":"46","name":"ליהי פז","teamId":"8","isHere":false,"status":"undefined","reason":"קאדר","prevStatus":"undefined","action":"statusChange"},"level":"info"}
{"message":{"id":"47","name":"אילה דהן","teamId":"8","isHere":false,"status":"undefined","reason":"קאדר מונפץ","prevStatus":"undefined","action":"statusChange"},"level":"info"}
{"message":{"id":"48","name":"גלי גדות גמליאלי","teamId":"8","isHere":false,"status":"undefined","reason":"","prevStatus":"undefined","action":"statusChange"},"level":"info"}
{"message":{"id":"49","name":"בר דודי","teamId":"8","isHere":false,"status":"undefined","reason":"","prevStatus":"undefined","action":"statusChange"},"level":"info"}
{"message":{"id":"50","name":"גיל גרשוביץ","teamId":"8","isHere":false,"status":"undefined","reason":"","prevStatus":"undefined","action":"statusChange"},"level":"info"}
{"message":{"id":"51","name":"שירה נחום","teamId":"8","isHere":false,"status":"undefined","reason":"","prevStatus":"undefined","action":"statusChange"},"level":"info"}
{"message":{"id":"52","name":"שי מושיאשוילי","teamId":"8","isHere":false,"status":"undefined","reason":"מטבח","prevStatus":"undefined","action":"statusChange"},"level":"info"}
{"message":{"id":"53","name":"סער כץ","teamId":"8","isHere":false,"status":"undefined","reason":"רספיה","prevStatus":"undefined","action":"statusChange"},"level":"info"}
{"message":{"id":"54","name":"עינת חמו","teamId":"8","isHere":false,"status":"undefined","reason":"","prevStatus":"undefined","action":"statusChange"},"level":"info"}
{"message":{"id":"55","name":"רוני לבן","teamId":"8","isHere":false,"status":"undefined","reason":"","prevStatus":"undefined","action":"statusChange"},"level":"info"}
{"message":{"id":"56","name":"גל מוריה","teamId":"8","isHere":false,"status":"undefined","reason":"","prevStatus":"undefined","action":"statusChange"},"level":"info"}
{"message":{"id":"57","name":"אביב הלל","teamId":"8","isHere":false,"status":"undefined","reason":"","prevStatus":"undefined","action":"statusChange"},"level":"info"}
{"message":{"id":"58","name":"דר פיינשטיין","teamId":"8","isHere":false,"status":"undefined","reason":"","prevStatus":"undefined","action":"statusChange"},"level":"info"}
{"message":{"id":"59","name":"איתי נוימן","teamId":"8","isHere":false,"status":"undefined","reason":"","prevStatus":"undefined","action":"statusChange"},"level":"info"}
{"message":{"id":"60","name":"אביב עזרא","teamId":"8","isHere":false,"status":"undefined","reason":"","prevStatus":"undefined","action":"statusChange"},"level":"info"}
{"message":{"teamId":"8","action":"resetStatusForTeam"},"level":"info"}
{"message":{"id":"45","name":"נטע דרור","teamId":"8","isHere":false,"status":"undefined","reason":"","prevStatus":"undefined","action":"statusChange"},"level":"info"}
{"message":{"id":"46","name":"ליהי פז","teamId":"8","isHere":false,"status":"undefined","reason":"קאדר","prevStatus":"undefined","action":"statusChange"},"level":"info"}
{"message":{"id":"47","name":"אילה דהן","teamId":"8","isHere":false,"status":"undefined","reason":"קאדר מונפץ","prevStatus":"undefined","action":"statusChange"},"level":"info"}
{"message":{"id":"48","name":"גלי גדות גמליאלי","teamId":"8","isHere":false,"status":"undefined","reason":"","prevStatus":"undefined","action":"statusChange"},"level":"info"}
{"message":{"id":"49","name":"בר דודי","teamId":"8","isHere":false,"status":"undefined","reason":"","prevStatus":"undefined","action":"statusChange"},"level":"info"}
{"message":{"id":"50","name":"גיל גרשוביץ","teamId":"8","isHere":false,"status":"undefined","reason":"","prevStatus":"undefined","action":"statusChange"},"level":"info"}
{"message":{"id":"51","name":"שירה נחום","teamId":"8","isHere":false,"status":"undefined","reason":"","prevStatus":"undefined","action":"statusChange"},"level":"info"}
{"message":{"id":"52","name":"שי מושיאשוילי","teamId":"8","isHere":false,"status":"undefined","reason":"מטבח","prevStatus":"undefined","action":"statusChange"},"level":"info"}
{"message":{"id":"53","name":"סער כץ","teamId":"8","isHere":false,"status":"undefined","reason":"רספיה","prevStatus":"undefined","action":"statusChange"},"level":"info"}
{"message":{"id":"54","name":"עינת חמו","teamId":"8","isHere":false,"status":"undefined","reason":"","prevStatus":"undefined","action":"statusChange"},"level":"info"}
{"message":{"id":"55","name":"רוני לבן","teamId":"8","isHere":false,"status":"undefined","reason":"","prevStatus":"undefined","action":"statusChange"},"level":"info"}
{"message":{"id":"56","name":"גל מוריה","teamId":"8","isHere":false,"status":"undefined","reason":"","prevStatus":"undefined","action":"statusChange"},"level":"info"}
{"message":{"id":"57","name":"אביב הלל","teamId":"8","isHere":false,"status":"undefined","reason":"","prevStatus":"undefined","action":"statusChange"},"level":"info"}
{"message":{"id":"58","name":"דר פיינשטיין","teamId":"8","isHere":false,"status":"undefined","reason":"","prevStatus":"undefined","action":"statusChange"},"level":"info"}
{"message":{"id":"59","name":"איתי נוימן","teamId":"8","isHere":false,"status":"undefined","reason":"","prevStatus":"undefined","action":"statusChange"},"level":"info"}
{"message":{"id":"60","name":"אביב עזרא","teamId":"8","isHere":false,"status":"undefined","reason":"","prevStatus":"undefined","action":"statusChange"},"level":"info"}
{"message":{"teamId":"8","action":"resetStatusForTeam"},"level":"info"}
{"message":{"id":"1","name":"יובל פורמן אסא","teamId":"6","isHere":false,"status":"undefined","reason":"","prevStatus":"undefined","action":"statusChange"},"level":"info"}
{"message":{"id":"2","name":"דניאל טופליאן","teamId":"6","isHere":false,"status":"undefined","reason":"מטבח","prevStatus":"undefined","action":"statusChange"},"level":"info"}
{"message":{"id":"3","name":"יאיר כהן","teamId":"6","isHere":false,"status":"undefined","reason":"רספיה","prevStatus":"undefined","action":"statusChange"},"level":"info"}
{"message":{"id":"4","name":"טל אלמסי","teamId":"6","isHere":false,"status":"undefined","reason":"","prevStatus":"undefined","action":"statusChange"},"level":"info"}
{"message":{"id":"5","name":"עמר אגא","teamId":"6","isHere":false,"status":"undefined","reason":"","prevStatus":"undefined","action":"statusChange"},"level":"info"}
{"message":{"id":"6","name":"פלי מגיד","teamId":"6","isHere":false,"status":"undefined","reason":"","prevStatus":"undefined","action":"statusChange"},"level":"info"}
{"message":{"id":"7","name":"אביטל גוטמן","teamId":"6","isHere":false,"status":"undefined","reason":"","prevStatus":"undefined","action":"statusChange"},"level":"info"}
{"message":{"id":"8","name":"נטע חזי","teamId":"6","isHere":false,"status":"undefined","reason":"","prevStatus":"undefined","action":"statusChange"},"level":"info"}
{"message":{"id":"9","name":"אלון כרמלי","teamId":"6","isHere":false,"status":"undefined","reason":"מטבח","prevStatus":"undefined","action":"statusChange"},"level":"info"}
{"message":{"id":"10","name":"מעין לזר","teamId":"6","isHere":false,"status":"undefined","reason":"","prevStatus":"undefined","action":"statusChange"},"level":"info"}
{"message":{"id":"11","name":"עמית יצחקי","teamId":"6","isHere":false,"status":"undefined","reason":"","prevStatus":"undefined","action":"statusChange"},"level":"info"}
{"message":{"id":"12","name":"ניצן נדיר","teamId":"6","isHere":false,"status":"undefined","reason":"","prevStatus":"undefined","action":"statusChange"},"level":"info"}
{"message":{"id":"13","name":"מעין גפן","teamId":"6","isHere":false,"status":"undefined","reason":"","prevStatus":"undefined","action":"statusChange"},"level":"info"}
{"message":{"id":"14","name":"לירז אסמרה","teamId":"6","isHere":false,"status":"undefined","reason":"","prevStatus":"undefined","action":"statusChange"},"level":"info"}
{"message":{"id":"15","name":"רוני שהינו","teamId":"6","isHere":false,"status":"undefined","reason":"","prevStatus":"undefined","action":"statusChange"},"level":"info"}
{"message":{"teamId":"6","action":"resetStatusForTeam"},"level":"info"}
{"message":{"id":"1","name":"יובל פורמן אסא","teamId":"6","isHere":false,"status":"undefined","reason":"","prevStatus":"undefined","action":"statusChange"},"level":"info"}
{"message":{"id":"2","name":"דניאל טופליאן","teamId":"6","isHere":false,"status":"undefined","reason":"מטבח","prevStatus":"undefined","action":"statusChange"},"level":"info"}
{"message":{"id":"3","name":"יאיר כהן","teamId":"6","isHere":false,"status":"undefined","reason":"רספיה","prevStatus":"undefined","action":"statusChange"},"level":"info"}
{"message":{"id":"4","name":"טל אלמסי","teamId":"6","isHere":false,"status":"undefined","reason":"","prevStatus":"undefined","action":"statusChange"},"level":"info"}
{"message":{"id":"5","name":"עמר אגא","teamId":"6","isHere":false,"status":"undefined","reason":"","prevStatus":"undefined","action":"statusChange"},"level":"info"}
{"message":{"id":"6","name":"פלי מגיד","teamId":"6","isHere":false,"status":"undefined","reason":"","prevStatus":"undefined","action":"statusChange"},"level":"info"}
{"message":{"id":"7","name":"אביטל גוטמן","teamId":"6","isHere":false,"status":"undefined","reason":"","prevStatus":"undefined","action":"statusChange"},"level":"info"}
{"message":{"id":"8","name":"נטע חזי","teamId":"6","isHere":false,"status":"undefined","reason":"","prevStatus":"undefined","action":"statusChange"},"level":"info"}
{"message":{"id":"9","name":"אלון כרמלי","teamId":"6","isHere":false,"status":"undefined","reason":"מטבח","prevStatus":"undefined","action":"statusChange"},"level":"info"}
{"message":{"id":"10","name":"מעין לזר","teamId":"6","isHere":false,"status":"undefined","reason":"","prevStatus":"undefined","action":"statusChange"},"level":"info"}
{"message":{"id":"11","name":"עמית יצחקי","teamId":"6","isHere":false,"status":"undefined","reason":"","prevStatus":"undefined","action":"statusChange"},"level":"info"}
{"message":{"id":"12","name":"ניצן נדיר","teamId":"6","isHere":false,"status":"undefined","reason":"","prevStatus":"undefined","action":"statusChange"},"level":"info"}
{"message":{"id":"13","name":"מעין גפן","teamId":"6","isHere":false,"status":"undefined","reason":"","prevStatus":"undefined","action":"statusChange"},"level":"info"}
{"message":{"id":"14","name":"לירז אסמרה","teamId":"6","isHere":false,"status":"undefined","reason":"","prevStatus":"undefined","action":"statusChange"},"level":"info"}
{"message":{"id":"15","name":"רוני שהינו","teamId":"6","isHere":false,"status":"undefined","reason":"","prevStatus":"undefined","action":"statusChange"},"level":"info"}
{"message":{"teamId":"6","action":"resetStatusForTeam"},"level":"info"}
{"message":{"id":"1","name":"יובל פורמן אסא","teamId":"6","isHere":false,"status":"undefined","reason":"","prevStatus":"undefined","action":"statusChange"},"level":"info"}
{"message":{"id":"2","name":"דניאל טופליאן","teamId":"6","isHere":false,"status":"undefined","reason":"מטבח","prevStatus":"undefined","action":"statusChange"},"level":"info"}
{"message":{"id":"3","name":"יאיר כהן","teamId":"6","isHere":false,"status":"undefined","reason":"רספיה","prevStatus":"undefined","action":"statusChange"},"level":"info"}
{"message":{"id":"4","name":"טל אלמסי","teamId":"6","isHere":false,"status":"undefined","reason":"","prevStatus":"undefined","action":"statusChange"},"level":"info"}
{"message":{"id":"5","name":"עמר אגא","teamId":"6","isHere":false,"status":"undefined","reason":"","prevStatus":"undefined","action":"statusChange"},"level":"info"}
{"message":{"id":"6","name":"פלי מגיד","teamId":"6","isHere":false,"status":"undefined","reason":"","prevStatus":"undefined","action":"statusChange"},"level":"info"}
{"message":{"id":"7","name":"אביטל גוטמן","teamId":"6","isHere":false,"status":"undefined","reason":"","prevStatus":"undefined","action":"statusChange"},"level":"info"}
{"message":{"id":"8","name":"נטע חזי","teamId":"6","isHere":false,"status":"undefined","reason":"","prevStatus":"undefined","action":"statusChange"},"level":"info"}
{"message":{"id":"9","name":"אלון כרמלי","teamId":"6","isHere":false,"status":"undefined","reason":"מטבח","prevStatus":"undefined","action":"statusChange"},"level":"info"}
{"message":{"id":"10","name":"מעין לזר","teamId":"6","isHere":false,"status":"undefined","reason":"","prevStatus":"undefined","action":"statusChange"},"level":"info"}
{"message":{"id":"11","name":"עמית יצחקי","teamId":"6","isHere":false,"status":"undefined","reason":"","prevStatus":"undefined","action":"statusChange"},"level":"info"}
{"message":{"id":"12","name":"ניצן נדיר","teamId":"6","isHere":false,"status":"undefined","reason":"","prevStatus":"undefined","action":"statusChange"},"level":"info"}
{"message":{"id":"13","name":"מעין גפן","teamId":"6","isHere":false,"status":"undefined","reason":"","prevStatus":"undefined","action":"statusChange"},"level":"info"}
{"message":{"id":"14","name":"לירז אסמרה","teamId":"6","isHere":false,"status":"undefined","reason":"","prevStatus":"undefined","action":"statusChange"},"level":"info"}
{"message":{"id":"15","name":"רוני שהינו","teamId":"6","isHere":false,"status":"undefined","reason":"","prevStatus":"undefined","action":"statusChange"},"level":"info"}
{"message":{"teamId":"6","action":"resetStatusForTeam"},"level":"info"}
{"message":{"id":"45","name":"נטע דרור","teamId":"8","isHere":false,"status":"undefined","reason":"","prevStatus":"undefined","action":"statusChange"},"level":"info"}
{"message":{"id":"46","name":"ליהי פז","teamId":"8","isHere":false,"status":"undefined","reason":"קאדר","prevStatus":"undefined","action":"statusChange"},"level":"info"}
{"message":{"id":"47","name":"אילה דהן","teamId":"8","isHere":false,"status":"undefined","reason":"קאדר מונפץ","prevStatus":"undefined","action":"statusChange"},"level":"info"}
{"message":{"id":"48","name":"גלי גדות גמליאלי","teamId":"8","isHere":false,"status":"undefined","reason":"","prevStatus":"undefined","action":"statusChange"},"level":"info"}
{"message":{"id":"49","name":"בר דודי","teamId":"8","isHere":false,"status":"undefined","reason":"","prevStatus":"undefined","action":"statusChange"},"level":"info"}
{"message":{"id":"50","name":"גיל גרשוביץ","teamId":"8","isHere":false,"status":"undefined","reason":"","prevStatus":"undefined","action":"statusChange"},"level":"info"}
{"message":{"id":"51","name":"שירה נחום","teamId":"8","isHere":false,"status":"undefined","reason":"","prevStatus":"undefined","action":"statusChange"},"level":"info"}
{"message":{"id":"52","name":"שי מושיאשוילי","teamId":"8","isHere":false,"status":"undefined","reason":"מטבח","prevStatus":"undefined","action":"statusChange"},"level":"info"}
{"message":{"id":"53","name":"סער כץ","teamId":"8","isHere":false,"status":"undefined","reason":"רספיה","prevStatus":"undefined","action":"statusChange"},"level":"info"}
{"message":{"id":"54","name":"עינת חמו","teamId":"8","isHere":false,"status":"undefined","reason":"","prevStatus":"undefined","action":"statusChange"},"level":"info"}
{"message":{"id":"55","name":"רוני לבן","teamId":"8","isHere":false,"status":"undefined","reason":"","prevStatus":"undefined","action":"statusChange"},"level":"info"}
{"message":{"id":"56","name":"גל מוריה","teamId":"8","isHere":false,"status":"undefined","reason":"","prevStatus":"undefined","action":"statusChange"},"level":"info"}
{"message":{"id":"57","name":"אביב הלל","teamId":"8","isHere":false,"status":"undefined","reason":"","prevStatus":"undefined","action":"statusChange"},"level":"info"}
{"message":{"id":"58","name":"דר פיינשטיין","teamId":"8","isHere":false,"status":"undefined","reason":"","prevStatus":"undefined","action":"statusChange"},"level":"info"}
{"message":{"id":"59","name":"איתי נוימן","teamId":"8","isHere":false,"status":"undefined","reason":"","prevStatus":"undefined","action":"statusChange"},"level":"info"}
{"message":{"id":"60","name":"אביב עזרא","teamId":"8","isHere":false,"status":"undefined","reason":"","prevStatus":"undefined","action":"statusChange"},"level":"info"}
{"message":{"teamId":"8","action":"resetStatusForTeam"},"level":"info"}
{"message":{"id":"45","name":"נטע דרור","teamId":"8","isHere":false,"status":"undefined","reason":"","prevStatus":"undefined","action":"statusChange"},"level":"info"}
{"message":{"id":"46","name":"ליהי פז","teamId":"8","isHere":false,"status":"undefined","reason":"קאדר","prevStatus":"undefined","action":"statusChange"},"level":"info"}
{"message":{"id":"47","name":"אילה דהן","teamId":"8","isHere":false,"status":"undefined","reason":"קאדר מונפץ","prevStatus":"undefined","action":"statusChange"},"level":"info"}
{"message":{"id":"48","name":"גלי גדות גמליאלי","teamId":"8","isHere":false,"status":"undefined","reason":"","prevStatus":"undefined","action":"statusChange"},"level":"info"}
{"message":{"id":"49","name":"בר דודי","teamId":"8","isHere":false,"status":"undefined","reason":"","prevStatus":"undefined","action":"statusChange"},"level":"info"}
{"message":{"id":"50","name":"גיל גרשוביץ","teamId":"8","isHere":false,"status":"undefined","reason":"","prevStatus":"undefined","action":"statusChange"},"level":"info"}
{"message":{"id":"51","name":"שירה נחום","teamId":"8","isHere":false,"status":"undefined","reason":"","prevStatus":"undefined","action":"statusChange"},"level":"info"}
{"message":{"id":"52","name":"שי מושיאשוילי","teamId":"8","isHere":false,"status":"undefined","reason":"מטבח","prevStatus":"undefined","action":"statusChange"},"level":"info"}
{"message":{"id":"53","name":"סער כץ","teamId":"8","isHere":false,"status":"undefined","reason":"רספיה","prevStatus":"undefined","action":"statusChange"},"level":"info"}
{"message":{"id":"54","name":"עינת חמו","teamId":"8","isHere":false,"status":"undefined","reason":"","prevStatus":"undefined","action":"statusChange"},"level":"info"}
{"message":{"id":"55","name":"רוני לבן","teamId":"8","isHere":false,"status":"undefined","reason":"","prevStatus":"undefined","action":"statusChange"},"level":"info"}
{"message":{"id":"56","name":"גל מוריה","teamId":"8","isHere":false,"status":"undefined","reason":"","prevStatus":"undefined","action":"statusChange"},"level":"info"}
{"message":{"id":"57","name":"אביב הלל","teamId":"8","isHere":false,"status":"undefined","reason":"","prevStatus":"undefined","action":"statusChange"},"level":"info"}
{"message":{"id":"58","name":"דר פיינשטיין","teamId":"8","isHere":false,"status":"undefined","reason":"","prevStatus":"undefined","action":"statusChange"},"level":"info"}
{"message":{"id":"59","name":"איתי נוימן","teamId":"8","isHere":false,"status":"undefined","reason":"","prevStatus":"undefined","action":"statusChange"},"level":"info"}
{"message":{"id":"60","name":"אביב עזרא","teamId":"8","isHere":false,"status":"undefined","reason":"","prevStatus":"undefined","action":"statusChange"},"level":"info"}
{"message":{"teamId":"8","action":"resetStatusForTeam"},"level":"info"}
{"message":{"id":"1","name":"יובל פורמן אסא","teamId":"6","isHere":false,"status":"missing","reason":"מטבח","prevStatus":"undefined","action":"statusChange"},"level":"info"}
{"message":{"id":"1","name":"יובל פורמן אסא","teamId":"6","isHere":false,"status":"here","reason":"","prevStatus":"missing","action":"statusChange"},"level":"info"}
{"message":{"id":"1","name":"יובל פורמן אסא","teamId":"6","isHere":false,"status":"missing","reason":"מטבח","prevStatus":"here","action":"statusChange"},"level":"info"}
{"message":{"id":"1","name":"יובל פורמן אסא","teamId":"6","isHere":false,"status":"here","reason":"","prevStatus":"missing","action":"statusChange"},"level":"info"}
{"message":{"id":"1","name":"יובל פורמן אסא","teamId":"6","isHere":false,"status":"missing","reason":"מטבח","prevStatus":"here","action":"statusChange"},"level":"info"}
{"message":{"id":"1","name":"יובל פורמן אסא","teamId":"6","isHere":false,"status":"here","reason":"","prevStatus":"missing","action":"statusChange"},"level":"info"}
{"message":{"id":"1","name":"יובל פורמן אסא","teamId":"6","isHere":false,"status":"missing","reason":"מטבח","prevStatus":"here","action":"statusChange"},"level":"info"}
{"message":{"id":"1","name":"יובל פורמן אסא","teamId":"6","isHere":false,"status":"missing","reason":"מטבח","prevStatus":"missing","action":"statusChange"},"level":"info"}
{"message":{"id":"1","name":"יובל פורמן אסא","teamId":"6","isHere":false,"status":"missing","reason":"מטבח","prevStatus":"missing","action":"statusChange"},"level":"info"}
{"message":{"id":"1","name":"יובל פורמן אסא","teamId":"6","isHere":false,"status":"missing","reason":"מטבח","prevStatus":"missing","action":"statusChange"},"level":"info"}
{"message":{"id":"1","name":"יובל פורמן אסא","teamId":"6","isHere":false,"status":"undefined","reason":"מטבח","prevStatus":"missing","action":"statusChange"},"level":"info"}
{"message":{"id":"2","name":"דניאל טופליאן","teamId":"6","isHere":false,"status":"undefined","reason":"מטבח","prevStatus":"undefined","action":"statusChange"},"level":"info"}
{"message":{"id":"3","name":"יאיר כהן","teamId":"6","isHere":false,"status":"undefined","reason":"רספיה","prevStatus":"undefined","action":"statusChange"},"level":"info"}
{"message":{"id":"4","name":"טל אלמסי","teamId":"6","isHere":false,"status":"undefined","reason":"","prevStatus":"undefined","action":"statusChange"},"level":"info"}
{"message":{"id":"5","name":"עמר אגא","teamId":"6","isHere":false,"status":"undefined","reason":"","prevStatus":"undefined","action":"statusChange"},"level":"info"}
{"message":{"id":"6","name":"פלי מגיד","teamId":"6","isHere":false,"status":"undefined","reason":"","prevStatus":"undefined","action":"statusChange"},"level":"info"}
{"message":{"id":"7","name":"אביטל גוטמן","teamId":"6","isHere":false,"status":"undefined","reason":"","prevStatus":"undefined","action":"statusChange"},"level":"info"}
{"message":{"id":"8","name":"נטע חזי","teamId":"6","isHere":false,"status":"undefined","reason":"","prevStatus":"undefined","action":"statusChange"},"level":"info"}
{"message":{"id":"9","name":"אלון כרמלי","teamId":"6","isHere":false,"status":"undefined","reason":"מטבח","prevStatus":"undefined","action":"statusChange"},"level":"info"}
{"message":{"id":"10","name":"מעין לזר","teamId":"6","isHere":false,"status":"undefined","reason":"","prevStatus":"undefined","action":"statusChange"},"level":"info"}
{"message":{"id":"11","name":"עמית יצחקי","teamId":"6","isHere":false,"status":"undefined","reason":"","prevStatus":"undefined","action":"statusChange"},"level":"info"}
{"message":{"id":"12","name":"ניצן נדיר","teamId":"6","isHere":false,"status":"undefined","reason":"","prevStatus":"undefined","action":"statusChange"},"level":"info"}
{"message":{"id":"13","name":"מעין גפן","teamId":"6","isHere":false,"status":"undefined","reason":"","prevStatus":"undefined","action":"statusChange"},"level":"info"}
{"message":{"id":"14","name":"לירז אסמרה","teamId":"6","isHere":false,"status":"undefined","reason":"","prevStatus":"undefined","action":"statusChange"},"level":"info"}
{"message":{"id":"15","name":"רוני שהינו","teamId":"6","isHere":false,"status":"undefined","reason":"","prevStatus":"undefined","action":"statusChange"},"level":"info"}
{"message":{"id":"17","name":"שובל אגמון","teamId":"5","isHere":false,"status":"undefined","reason":"","prevStatus":"undefined","action":"statusChange"},"level":"info"}
{"message":{"id":"18","name":"טל אמיניזר","teamId":"5","isHere":false,"status":"undefined","reason":"","prevStatus":"undefined","action":"statusChange"},"level":"info"}
{"message":{"id":"19","name":"טליה גנוסר","teamId":"5","isHere":false,"status":"undefined","reason":"","prevStatus":"undefined","action":"statusChange"},"level":"info"}
{"message":{"id":"20","name":"ליאור זכריה","teamId":"5","isHere":false,"status":"undefined","reason":"","prevStatus":"undefined","action":"statusChange"},"level":"info"}
{"message":{"id":"21","name":"נועה צוברי","teamId":"5","isHere":false,"status":"undefined","reason":"","prevStatus":"undefined","action":"statusChange"},"level":"info"}
{"message":{"id":"22","name":"מרוה קוראין","teamId":"5","isHere":false,"status":"undefined","reason":"","prevStatus":"undefined","action":"statusChange"},"level":"info"}
{"message":{"id":"23","name":"גאיה הדרי","teamId":"5","isHere":false,"status":"undefined","reason":"","prevStatus":"undefined","action":"statusChange"},"level":"info"}
{"message":{"id":"25","name":"הדס יהוד","teamId":"5","isHere":false,"status":"undefined","reason":"","prevStatus":"undefined","action":"statusChange"},"level":"info"}
{"message":{"id":"26","name":"קוראל מרגי","teamId":"5","isHere":false,"status":"undefined","reason":"","prevStatus":"undefined","action":"statusChange"},"level":"info"}
{"message":{"id":"27","name":"הילה דודיאן","teamId":"5","isHere":false,"status":"undefined","reason":"","prevStatus":"undefined","action":"statusChange"},"level":"info"}
{"message":{"id":"28","name":"עמית שגיא","teamId":"5","isHere":false,"status":"undefined","reason":"","prevStatus":"undefined","action":"statusChange"},"level":"info"}
{"message":{"id":"29","name":"נטע אליאס","teamId":"5","isHere":false,"status":"undefined","reason":"","prevStatus":"undefined","action":"statusChange"},"level":"info"}
{"message":{"id":"30","name":"אריאל שביב","teamId":"5","isHere":false,"status":"undefined","reason":"","prevStatus":"undefined","action":"statusChange"},"level":"info"}
{"message":{"id":"31","name":"נועה אהרוני","teamId":"5","isHere":false,"status":"undefined","reason":"","prevStatus":"undefined","action":"statusChange"},"level":"info"}
{"message":{"id":"32","name":"יעל אברם","teamId":"7","isHere":false,"status":"undefined","reason":"מטבח","prevStatus":"undefined","action":"statusChange"},"level":"info"}
{"message":{"id":"33","name":"אור אייזנברג","teamId":"7","isHere":false,"status":"undefined","reason":"","prevStatus":"undefined","action":"statusChange"},"level":"info"}
{"message":{"id":"34","name":"יוסי אסולין","teamId":"7","isHere":false,"status":"undefined","reason":"מטבח","prevStatus":"undefined","action":"statusChange"},"level":"info"}
{"message":{"id":"35","name":"ולד בוריסנקו","teamId":"7","isHere":false,"status":"undefined","reason":"","prevStatus":"undefined","action":"statusChange"},"level":"info"}
{"message":{"id":"36","name":"קרן גייכמן","teamId":"7","isHere":false,"status":"undefined","reason":"","prevStatus":"undefined","action":"statusChange"},"level":"info"}
{"message":{"id":"37","name":"יהלי אשרי","teamId":"7","isHere":false,"status":"undefined","reason":"רספיה","prevStatus":"undefined","action":"statusChange"},"level":"info"}
{"message":{"id":"38","name":"מעין גרשלר","teamId":"7","isHere":false,"status":"undefined","reason":"","prevStatus":"undefined","action":"statusChange"},"level":"info"}
{"message":{"id":"39","name":"אבי ורד","teamId":"7","isHere":false,"status":"undefined","reason":"וואי נטחן כל כך הרבה במטבח","prevStatus":"undefined","action":"statusChange"},"level":"info"}
{"message":{"id":"40","name":"גל חורש","teamId":"7","isHere":false,"status":"undefined","reason":"","prevStatus":"undefined","action":"statusChange"},"level":"info"}
{"message":{"id":"41","name":"תמר כרמלי","teamId":"7","isHere":false,"status":"undefined","reason":"","prevStatus":"undefined","action":"statusChange"},"level":"info"}
{"message":{"id":"42","name":"איל ויל","teamId":"7","isHere":false,"status":"undefined","reason":"","prevStatus":"undefined","action":"statusChange"},"level":"info"}
{"message":{"id":"43","name":"יזהר אננייב","teamId":"7","isHere":false,"status":"undefined","reason":"","prevStatus":"undefined","action":"statusChange"},"level":"info"}
{"message":{"id":"44","name":"מתן שטראחמן","teamId":"7","isHere":false,"status":"undefined","reason":"","prevStatus":"undefined","action":"statusChange"},"level":"info"}
{"message":{"id":"45","name":"נטע דרור","teamId":"8","isHere":false,"status":"undefined","reason":"","prevStatus":"undefined","action":"statusChange"},"level":"info"}
{"message":{"id":"46","name":"ליהי פז","teamId":"8","isHere":false,"status":"undefined","reason":"קאדר","prevStatus":"undefined","action":"statusChange"},"level":"info"}
{"message":{"id":"47","name":"אילה דהן","teamId":"8","isHere":false,"status":"undefined","reason":"קאדר מונפץ","prevStatus":"undefined","action":"statusChange"},"level":"info"}
{"message":{"id":"48","name":"גלי גדות גמליאלי","teamId":"8","isHere":false,"status":"undefined","reason":"","prevStatus":"undefined","action":"statusChange"},"level":"info"}
{"message":{"id":"49","name":"בר דודי","teamId":"8","isHere":false,"status":"undefined","reason":"","prevStatus":"undefined","action":"statusChange"},"level":"info"}
{"message":{"id":"50","name":"גיל גרשוביץ","teamId":"8","isHere":false,"status":"undefined","reason":"","prevStatus":"undefined","action":"statusChange"},"level":"info"}
{"message":{"id":"51","name":"שירה נחום","teamId":"8","isHere":false,"status":"undefined","reason":"","prevStatus":"undefined","action":"statusChange"},"level":"info"}
{"message":{"id":"52","name":"שי מושיאשוילי","teamId":"8","isHere":false,"status":"undefined","reason":"מטבח","prevStatus":"undefined","action":"statusChange"},"level":"info"}
{"message":{"id":"53","name":"סער כץ","teamId":"8","isHere":false,"status":"undefined","reason":"רספיה","prevStatus":"undefined","action":"statusChange"},"level":"info"}
{"message":{"id":"54","name":"עינת חמו","teamId":"8","isHere":false,"status":"undefined","reason":"","prevStatus":"undefined","action":"statusChange"},"level":"info"}
{"message":{"id":"55","name":"רוני לבן","teamId":"8","isHere":false,"status":"undefined","reason":"","prevStatus":"undefined","action":"statusChange"},"level":"info"}
{"message":{"id":"56","name":"גל מוריה","teamId":"8","isHere":false,"status":"undefined","reason":"","prevStatus":"undefined","action":"statusChange"},"level":"info"}
{"message":{"id":"57","name":"אביב הלל","teamId":"8","isHere":false,"status":"undefined","reason":"","prevStatus":"undefined","action":"statusChange"},"level":"info"}
{"message":{"id":"58","name":"דר פיינשטיין","teamId":"8","isHere":false,"status":"undefined","reason":"","prevStatus":"undefined","action":"statusChange"},"level":"info"}
{"message":{"id":"59","name":"איתי נוימן","teamId":"8","isHere":false,"status":"undefined","reason":"","prevStatus":"undefined","action":"statusChange"},"level":"info"}
{"message":{"id":"60","name":"אביב עזרא","teamId":"8","isHere":false,"status":"undefined","reason":"","prevStatus":"undefined","action":"statusChange"},"level":"info"}
{"message":{"action":"resetStatusForAllTeams"},"level":"info"}
{"message":{"id":"33","name":"אור אייזנברג","teamId":"7","isHere":false,"status":"here","reason":"","prevStatus":"undefined","action":"statusChange"},"level":"info"}
{"message":{"id":"22","name":"מרוה קוראין","teamId":"5","isHere":false,"status":"here","reason":"","prevStatus":"undefined","action":"statusChange"},"level":"info"}
{"message":{"id":"1","name":"יובל פורמן אסא","teamId":"6","isHere":false,"status":"here","reason":"","prevStatus":"undefined","action":"statusChange"},"level":"info"}
{"message":{"id":"2","name":"דניאל טופליאן","teamId":"6","isHere":false,"status":"missing","reason":"מטבח","prevStatus":"undefined","action":"statusChange"},"level":"info"}
{"message":{"id":"1","name":"יובל פורמן אסא","teamId":"6","isHere":false,"status":"here","reason":"","prevStatus":"undefined","action":"statusChange"},"level":"info"}
{"message":{"id":"1","name":"יובל פורמן אסא","teamId":"6","isHere":false,"status":"missing","reason":"מטבח","prevStatus":"undefined","action":"statusChange"},"level":"info"}
{"message":{"id":"1","name":"יובל פורמן אסא","teamId":"6","isHere":false,"status":"here","reason":"","prevStatus":"missing","action":"statusChange"},"level":"info"}
{"message":{"id":"2","name":"דניאל טופליאן","teamId":"6","isHere":false,"status":"missing","reason":"מטבח","prevStatus":"undefined","action":"statusChange"},"level":"info"}
{"message":{"id":"1","name":"יובל פורמן אסא","teamId":"6","isHere":false,"status":"undefined","reason":"","prevStatus":"here","action":"statusChange"},"level":"info"}
{"message":{"id":"2","name":"דניאל טופליאן","teamId":"6","isHere":false,"status":"undefined","reason":"מטבח","prevStatus":"missing","action":"statusChange"},"level":"info"}
{"message":{"id":"3","name":"יאיר כהן","teamId":"6","isHere":false,"status":"undefined","reason":"","prevStatus":"undefined","action":"statusChange"},"level":"info"}
{"message":{"id":"4","name":"טל אלמסי","teamId":"6","isHere":false,"status":"undefined","reason":"","prevStatus":"undefined","action":"statusChange"},"level":"info"}
{"message":{"id":"5","name":"עמר אגא","teamId":"6","isHere":false,"status":"undefined","reason":"","prevStatus":"undefined","action":"statusChange"},"level":"info"}
{"message":{"id":"6","name":"פלי מגיד","teamId":"6","isHere":false,"status":"undefined","reason":"","prevStatus":"undefined","action":"statusChange"},"level":"info"}
{"message":{"id":"7","name":"אביטל גוטמן","teamId":"6","isHere":false,"status":"undefined","reason":"","prevStatus":"undefined","action":"statusChange"},"level":"info"}
{"message":{"id":"8","name":"נטע חזי","teamId":"6","isHere":false,"status":"undefined","reason":"","prevStatus":"undefined","action":"statusChange"},"level":"info"}
{"message":{"id":"9","name":"אלון כרמלי","teamId":"6","isHere":false,"status":"undefined","reason":"","prevStatus":"undefined","action":"statusChange"},"level":"info"}
{"message":{"id":"10","name":"מעין לזר","teamId":"6","isHere":false,"status":"undefined","reason":"","prevStatus":"undefined","action":"statusChange"},"level":"info"}
{"message":{"id":"11","name":"עמית יצחקי","teamId":"6","isHere":false,"status":"undefined","reason":"","prevStatus":"undefined","action":"statusChange"},"level":"info"}
{"message":{"id":"12","name":"ניצן נדיר","teamId":"6","isHere":false,"status":"undefined","reason":"","prevStatus":"undefined","action":"statusChange"},"level":"info"}
{"message":{"id":"13","name":"מעין גפן","teamId":"6","isHere":false,"status":"undefined","reason":"","prevStatus":"undefined","action":"statusChange"},"level":"info"}
{"message":{"id":"14","name":"לירז אסמרה","teamId":"6","isHere":false,"status":"undefined","reason":"","prevStatus":"undefined","action":"statusChange"},"level":"info"}
{"message":{"id":"15","name":"רוני שהינו","teamId":"6","isHere":false,"status":"undefined","reason":"","prevStatus":"undefined","action":"statusChange"},"level":"info"}
{"message":{"teamId":"6","action":"resetStatusForTeam"},"level":"info"}
{"error":{"code":"EADDRINUSE","errno":"EADDRINUSE","syscall":"listen","address":"::","port":80},"level":"error","message":"uncaughtException: listen EADDRINUSE: address already in use :::80\nError: listen EADDRINUSE: address already in use :::80\n    at Server.setupListenHandle [as _listen2] (net.js:1309:16)\n    at listenInCluster (net.js:1357:12)\n    at Server.listen (net.js:1445:7)\n    at Function.listen (D:\\newmamash\\mamash\\mamash-server\\node_modules\\express\\lib\\application.js:618:24)\n    at Object.<anonymous> (D:\\newmamash\\mamash\\mamash-server\\build\\index.js:74:5)\n    at Module._compile (internal/modules/cjs/loader.js:1158:30)\n    at Object.Module._extensions..js (internal/modules/cjs/loader.js:1178:10)\n    at Module.load (internal/modules/cjs/loader.js:1002:32)\n    at Function.Module._load (internal/modules/cjs/loader.js:901:14)\n    at Function.executeUserEntryPoint [as runMain] (internal/modules/run_main.js:74:12)","stack":"Error: listen EADDRINUSE: address already in use :::80\n    at Server.setupListenHandle [as _listen2] (net.js:1309:16)\n    at listenInCluster (net.js:1357:12)\n    at Server.listen (net.js:1445:7)\n    at Function.listen (D:\\newmamash\\mamash\\mamash-server\\node_modules\\express\\lib\\application.js:618:24)\n    at Object.<anonymous> (D:\\newmamash\\mamash\\mamash-server\\build\\index.js:74:5)\n    at Module._compile (internal/modules/cjs/loader.js:1158:30)\n    at Object.Module._extensions..js (internal/modules/cjs/loader.js:1178:10)\n    at Module.load (internal/modules/cjs/loader.js:1002:32)\n    at Function.Module._load (internal/modules/cjs/loader.js:901:14)\n    at Function.executeUserEntryPoint [as runMain] (internal/modules/run_main.js:74:12)","exception":true,"date":"Sat Aug 22 2020 16:15:06 GMT+0300 (GMT+03:00)","process":{"pid":24820,"uid":null,"gid":null,"cwd":"D:\\newmamash\\mamash\\mamash-server","execPath":"D:\\node\\node.exe","version":"v12.16.1","argv":["D:\\node\\node.exe","D:\\newmamash\\mamash\\mamash-server\\build"],"memoryUsage":{"rss":43954176,"heapTotal":20410368,"heapUsed":14673032,"external":1594999}},"os":{"loadavg":[0,0,0],"uptime":106217},"trace":[{"column":16,"file":"net.js","function":"Server.setupListenHandle [as _listen2]","line":1309,"method":"setupListenHandle [as _listen2]","native":false},{"column":12,"file":"net.js","function":"listenInCluster","line":1357,"method":null,"native":false},{"column":7,"file":"net.js","function":"Server.listen","line":1445,"method":"listen","native":false},{"column":24,"file":"D:\\newmamash\\mamash\\mamash-server\\node_modules\\express\\lib\\application.js","function":"Function.listen","line":618,"method":"listen","native":false},{"column":5,"file":"D:\\newmamash\\mamash\\mamash-server\\build\\index.js","function":null,"line":74,"method":null,"native":false},{"column":30,"file":"internal/modules/cjs/loader.js","function":"Module._compile","line":1158,"method":"_compile","native":false},{"column":10,"file":"internal/modules/cjs/loader.js","function":"Module._extensions..js","line":1178,"method":".js","native":false},{"column":32,"file":"internal/modules/cjs/loader.js","function":"Module.load","line":1002,"method":"load","native":false},{"column":14,"file":"internal/modules/cjs/loader.js","function":"Module._load","line":901,"method":"_load","native":false},{"column":12,"file":"internal/modules/run_main.js","function":"Function.executeUserEntryPoint [as runMain]","line":74,"method":"executeUserEntryPoint [as runMain]","native":false}]}
{"error":{"code":"EADDRINUSE","errno":"EADDRINUSE","syscall":"listen","address":"::","port":80},"level":"error","message":"uncaughtException: listen EADDRINUSE: address already in use :::80\nError: listen EADDRINUSE: address already in use :::80\n    at Server.setupListenHandle [as _listen2] (net.js:1309:16)\n    at listenInCluster (net.js:1357:12)\n    at Server.listen (net.js:1445:7)\n    at Function.listen (D:\\newmamash\\mamash\\mamash-server\\node_modules\\express\\lib\\application.js:618:24)\n    at Object.<anonymous> (D:\\newmamash\\mamash\\mamash-server\\build\\index.js:74:5)\n    at Module._compile (internal/modules/cjs/loader.js:1158:30)\n    at Object.Module._extensions..js (internal/modules/cjs/loader.js:1178:10)\n    at Module.load (internal/modules/cjs/loader.js:1002:32)\n    at Function.Module._load (internal/modules/cjs/loader.js:901:14)\n    at Function.executeUserEntryPoint [as runMain] (internal/modules/run_main.js:74:12)","stack":"Error: listen EADDRINUSE: address already in use :::80\n    at Server.setupListenHandle [as _listen2] (net.js:1309:16)\n    at listenInCluster (net.js:1357:12)\n    at Server.listen (net.js:1445:7)\n    at Function.listen (D:\\newmamash\\mamash\\mamash-server\\node_modules\\express\\lib\\application.js:618:24)\n    at Object.<anonymous> (D:\\newmamash\\mamash\\mamash-server\\build\\index.js:74:5)\n    at Module._compile (internal/modules/cjs/loader.js:1158:30)\n    at Object.Module._extensions..js (internal/modules/cjs/loader.js:1178:10)\n    at Module.load (internal/modules/cjs/loader.js:1002:32)\n    at Function.Module._load (internal/modules/cjs/loader.js:901:14)\n    at Function.executeUserEntryPoint [as runMain] (internal/modules/run_main.js:74:12)","exception":true,"date":"Sat Aug 22 2020 16:16:44 GMT+0300 (GMT+03:00)","process":{"pid":21780,"uid":null,"gid":null,"cwd":"D:\\newmamash\\mamash\\mamash-server","execPath":"D:\\node\\node.exe","version":"v12.16.1","argv":["D:\\node\\node.exe","D:\\newmamash\\mamash\\mamash-server\\build"],"memoryUsage":{"rss":43835392,"heapTotal":20672512,"heapUsed":14656880,"external":1594999}},"os":{"loadavg":[0,0,0],"uptime":106315},"trace":[{"column":16,"file":"net.js","function":"Server.setupListenHandle [as _listen2]","line":1309,"method":"setupListenHandle [as _listen2]","native":false},{"column":12,"file":"net.js","function":"listenInCluster","line":1357,"method":null,"native":false},{"column":7,"file":"net.js","function":"Server.listen","line":1445,"method":"listen","native":false},{"column":24,"file":"D:\\newmamash\\mamash\\mamash-server\\node_modules\\express\\lib\\application.js","function":"Function.listen","line":618,"method":"listen","native":false},{"column":5,"file":"D:\\newmamash\\mamash\\mamash-server\\build\\index.js","function":null,"line":74,"method":null,"native":false},{"column":30,"file":"internal/modules/cjs/loader.js","function":"Module._compile","line":1158,"method":"_compile","native":false},{"column":10,"file":"internal/modules/cjs/loader.js","function":"Module._extensions..js","line":1178,"method":".js","native":false},{"column":32,"file":"internal/modules/cjs/loader.js","function":"Module.load","line":1002,"method":"load","native":false},{"column":14,"file":"internal/modules/cjs/loader.js","function":"Module._load","line":901,"method":"_load","native":false},{"column":12,"file":"internal/modules/run_main.js","function":"Function.executeUserEntryPoint [as runMain]","line":74,"method":"executeUserEntryPoint [as runMain]","native":false}]}
{"error":{"code":"EADDRINUSE","errno":"EADDRINUSE","syscall":"listen","address":"::","port":80},"level":"error","message":"uncaughtException: listen EADDRINUSE: address already in use :::80\nError: listen EADDRINUSE: address already in use :::80\n    at Server.setupListenHandle [as _listen2] (net.js:1309:16)\n    at listenInCluster (net.js:1357:12)\n    at Server.listen (net.js:1445:7)\n    at Function.listen (d:\\newmamash\\mamash\\mamash-server\\node_modules\\express\\lib\\application.js:618:24)\n    at Object.<anonymous> (d:\\newmamash\\mamash\\mamash-server\\build\\index.js:74:5)\n    at Module._compile (internal/modules/cjs/loader.js:1158:30)\n    at Object.Module._extensions..js (internal/modules/cjs/loader.js:1178:10)\n    at Module.load (internal/modules/cjs/loader.js:1002:32)\n    at Function.Module._load (internal/modules/cjs/loader.js:901:14)\n    at Function.executeUserEntryPoint [as runMain] (internal/modules/run_main.js:74:12)","stack":"Error: listen EADDRINUSE: address already in use :::80\n    at Server.setupListenHandle [as _listen2] (net.js:1309:16)\n    at listenInCluster (net.js:1357:12)\n    at Server.listen (net.js:1445:7)\n    at Function.listen (d:\\newmamash\\mamash\\mamash-server\\node_modules\\express\\lib\\application.js:618:24)\n    at Object.<anonymous> (d:\\newmamash\\mamash\\mamash-server\\build\\index.js:74:5)\n    at Module._compile (internal/modules/cjs/loader.js:1158:30)\n    at Object.Module._extensions..js (internal/modules/cjs/loader.js:1178:10)\n    at Module.load (internal/modules/cjs/loader.js:1002:32)\n    at Function.Module._load (internal/modules/cjs/loader.js:901:14)\n    at Function.executeUserEntryPoint [as runMain] (internal/modules/run_main.js:74:12)","exception":true,"date":"Sat Aug 22 2020 16:17:04 GMT+0300 (GMT+03:00)","process":{"pid":24912,"uid":null,"gid":null,"cwd":"d:\\newmamash\\mamash\\mamash-server","execPath":"D:\\node\\node.exe","version":"v12.16.1","argv":["D:\\node\\node.exe","d:\\newmamash\\mamash\\mamash-server\\build\\index.js"],"memoryUsage":{"rss":44359680,"heapTotal":20410368,"heapUsed":14822456,"external":1601211}},"os":{"loadavg":[0,0,0],"uptime":106336},"trace":[{"column":16,"file":"net.js","function":"Server.setupListenHandle [as _listen2]","line":1309,"method":"setupListenHandle [as _listen2]","native":false},{"column":12,"file":"net.js","function":"listenInCluster","line":1357,"method":null,"native":false},{"column":7,"file":"net.js","function":"Server.listen","line":1445,"method":"listen","native":false},{"column":24,"file":"d:\\newmamash\\mamash\\mamash-server\\node_modules\\express\\lib\\application.js","function":"Function.listen","line":618,"method":"listen","native":false},{"column":5,"file":"d:\\newmamash\\mamash\\mamash-server\\build\\index.js","function":null,"line":74,"method":null,"native":false},{"column":30,"file":"internal/modules/cjs/loader.js","function":"Module._compile","line":1158,"method":"_compile","native":false},{"column":10,"file":"internal/modules/cjs/loader.js","function":"Module._extensions..js","line":1178,"method":".js","native":false},{"column":32,"file":"internal/modules/cjs/loader.js","function":"Module.load","line":1002,"method":"load","native":false},{"column":14,"file":"internal/modules/cjs/loader.js","function":"Module._load","line":901,"method":"_load","native":false},{"column":12,"file":"internal/modules/run_main.js","function":"Function.executeUserEntryPoint [as runMain]","line":74,"method":"executeUserEntryPoint [as runMain]","native":false}]}
{"error":{"code":"EADDRINUSE","errno":"EADDRINUSE","syscall":"listen","address":"::","port":80},"level":"error","message":"uncaughtException: listen EADDRINUSE: address already in use :::80\nError: listen EADDRINUSE: address already in use :::80\n    at Server.setupListenHandle [as _listen2] (net.js:1309:16)\n    at listenInCluster (net.js:1357:12)\n    at Server.listen (net.js:1445:7)\n    at Function.listen (d:\\newmamash\\mamash\\mamash-server\\node_modules\\express\\lib\\application.js:618:24)\n    at Object.<anonymous> (d:\\newmamash\\mamash\\mamash-server\\build\\index.js:74:5)\n    at Module._compile (internal/modules/cjs/loader.js:1158:30)\n    at Object.Module._extensions..js (internal/modules/cjs/loader.js:1178:10)\n    at Module.load (internal/modules/cjs/loader.js:1002:32)\n    at Function.Module._load (internal/modules/cjs/loader.js:901:14)\n    at Function.executeUserEntryPoint [as runMain] (internal/modules/run_main.js:74:12)","stack":"Error: listen EADDRINUSE: address already in use :::80\n    at Server.setupListenHandle [as _listen2] (net.js:1309:16)\n    at listenInCluster (net.js:1357:12)\n    at Server.listen (net.js:1445:7)\n    at Function.listen (d:\\newmamash\\mamash\\mamash-server\\node_modules\\express\\lib\\application.js:618:24)\n    at Object.<anonymous> (d:\\newmamash\\mamash\\mamash-server\\build\\index.js:74:5)\n    at Module._compile (internal/modules/cjs/loader.js:1158:30)\n    at Object.Module._extensions..js (internal/modules/cjs/loader.js:1178:10)\n    at Module.load (internal/modules/cjs/loader.js:1002:32)\n    at Function.Module._load (internal/modules/cjs/loader.js:901:14)\n    at Function.executeUserEntryPoint [as runMain] (internal/modules/run_main.js:74:12)","exception":true,"date":"Sat Aug 22 2020 16:17:20 GMT+0300 (GMT+03:00)","process":{"pid":24440,"uid":null,"gid":null,"cwd":"d:\\newmamash\\mamash\\mamash-server","execPath":"D:\\node\\node.exe","version":"v12.16.1","argv":["D:\\node\\node.exe","d:\\newmamash\\mamash\\mamash-server\\build\\index.js"],"memoryUsage":{"rss":43999232,"heapTotal":19968000,"heapUsed":14690872,"external":1601211}},"os":{"loadavg":[0,0,0],"uptime":106352},"trace":[{"column":16,"file":"net.js","function":"Server.setupListenHandle [as _listen2]","line":1309,"method":"setupListenHandle [as _listen2]","native":false},{"column":12,"file":"net.js","function":"listenInCluster","line":1357,"method":null,"native":false},{"column":7,"file":"net.js","function":"Server.listen","line":1445,"method":"listen","native":false},{"column":24,"file":"d:\\newmamash\\mamash\\mamash-server\\node_modules\\express\\lib\\application.js","function":"Function.listen","line":618,"method":"listen","native":false},{"column":5,"file":"d:\\newmamash\\mamash\\mamash-server\\build\\index.js","function":null,"line":74,"method":null,"native":false},{"column":30,"file":"internal/modules/cjs/loader.js","function":"Module._compile","line":1158,"method":"_compile","native":false},{"column":10,"file":"internal/modules/cjs/loader.js","function":"Module._extensions..js","line":1178,"method":".js","native":false},{"column":32,"file":"internal/modules/cjs/loader.js","function":"Module.load","line":1002,"method":"load","native":false},{"column":14,"file":"internal/modules/cjs/loader.js","function":"Module._load","line":901,"method":"_load","native":false},{"column":12,"file":"internal/modules/run_main.js","function":"Function.executeUserEntryPoint [as runMain]","line":74,"method":"executeUserEntryPoint [as runMain]","native":false}]}
{"error":{"code":"EADDRINUSE","errno":"EADDRINUSE","syscall":"listen","address":"::","port":80},"level":"error","message":"uncaughtException: listen EADDRINUSE: address already in use :::80\nError: listen EADDRINUSE: address already in use :::80\n    at Server.setupListenHandle [as _listen2] (net.js:1309:16)\n    at listenInCluster (net.js:1357:12)\n    at Server.listen (net.js:1445:7)\n    at Function.listen (D:\\newmamash\\mamash\\mamash-server\\node_modules\\express\\lib\\application.js:618:24)\n    at Object.<anonymous> (D:\\newmamash\\mamash\\mamash-server\\build\\index.js:74:5)\n    at Module._compile (internal/modules/cjs/loader.js:1158:30)\n    at Object.Module._extensions..js (internal/modules/cjs/loader.js:1178:10)\n    at Module.load (internal/modules/cjs/loader.js:1002:32)\n    at Function.Module._load (internal/modules/cjs/loader.js:901:14)\n    at Function.executeUserEntryPoint [as runMain] (internal/modules/run_main.js:74:12)","stack":"Error: listen EADDRINUSE: address already in use :::80\n    at Server.setupListenHandle [as _listen2] (net.js:1309:16)\n    at listenInCluster (net.js:1357:12)\n    at Server.listen (net.js:1445:7)\n    at Function.listen (D:\\newmamash\\mamash\\mamash-server\\node_modules\\express\\lib\\application.js:618:24)\n    at Object.<anonymous> (D:\\newmamash\\mamash\\mamash-server\\build\\index.js:74:5)\n    at Module._compile (internal/modules/cjs/loader.js:1158:30)\n    at Object.Module._extensions..js (internal/modules/cjs/loader.js:1178:10)\n    at Module.load (internal/modules/cjs/loader.js:1002:32)\n    at Function.Module._load (internal/modules/cjs/loader.js:901:14)\n    at Function.executeUserEntryPoint [as runMain] (internal/modules/run_main.js:74:12)","exception":true,"date":"Sat Aug 22 2020 16:17:36 GMT+0300 (GMT+03:00)","process":{"pid":9496,"uid":null,"gid":null,"cwd":"D:\\newmamash\\mamash\\mamash-server","execPath":"D:\\node\\node.exe","version":"v12.16.1","argv":["D:\\node\\node.exe","D:\\newmamash\\mamash\\mamash-server\\build"],"memoryUsage":{"rss":44044288,"heapTotal":20672512,"heapUsed":14814432,"external":1594999}},"os":{"loadavg":[0,0,0],"uptime":106368},"trace":[{"column":16,"file":"net.js","function":"Server.setupListenHandle [as _listen2]","line":1309,"method":"setupListenHandle [as _listen2]","native":false},{"column":12,"file":"net.js","function":"listenInCluster","line":1357,"method":null,"native":false},{"column":7,"file":"net.js","function":"Server.listen","line":1445,"method":"listen","native":false},{"column":24,"file":"D:\\newmamash\\mamash\\mamash-server\\node_modules\\express\\lib\\application.js","function":"Function.listen","line":618,"method":"listen","native":false},{"column":5,"file":"D:\\newmamash\\mamash\\mamash-server\\build\\index.js","function":null,"line":74,"method":null,"native":false},{"column":30,"file":"internal/modules/cjs/loader.js","function":"Module._compile","line":1158,"method":"_compile","native":false},{"column":10,"file":"internal/modules/cjs/loader.js","function":"Module._extensions..js","line":1178,"method":".js","native":false},{"column":32,"file":"internal/modules/cjs/loader.js","function":"Module.load","line":1002,"method":"load","native":false},{"column":14,"file":"internal/modules/cjs/loader.js","function":"Module._load","line":901,"method":"_load","native":false},{"column":12,"file":"internal/modules/run_main.js","function":"Function.executeUserEntryPoint [as runMain]","line":74,"method":"executeUserEntryPoint [as runMain]","native":false}]}
{"error":{"code":"EADDRINUSE","errno":"EADDRINUSE","syscall":"listen","address":"::","port":80},"level":"error","message":"uncaughtException: listen EADDRINUSE: address already in use :::80\nError: listen EADDRINUSE: address already in use :::80\n    at Server.setupListenHandle [as _listen2] (net.js:1309:16)\n    at listenInCluster (net.js:1357:12)\n    at Server.listen (net.js:1445:7)\n    at Function.listen (D:\\newmamash\\mamash\\mamash-server\\node_modules\\express\\lib\\application.js:618:24)\n    at Object.<anonymous> (D:\\newmamash\\mamash\\mamash-server\\build\\index.js:74:5)\n    at Module._compile (internal/modules/cjs/loader.js:1158:30)\n    at Object.Module._extensions..js (internal/modules/cjs/loader.js:1178:10)\n    at Module.load (internal/modules/cjs/loader.js:1002:32)\n    at Function.Module._load (internal/modules/cjs/loader.js:901:14)\n    at Function.executeUserEntryPoint [as runMain] (internal/modules/run_main.js:74:12)","stack":"Error: listen EADDRINUSE: address already in use :::80\n    at Server.setupListenHandle [as _listen2] (net.js:1309:16)\n    at listenInCluster (net.js:1357:12)\n    at Server.listen (net.js:1445:7)\n    at Function.listen (D:\\newmamash\\mamash\\mamash-server\\node_modules\\express\\lib\\application.js:618:24)\n    at Object.<anonymous> (D:\\newmamash\\mamash\\mamash-server\\build\\index.js:74:5)\n    at Module._compile (internal/modules/cjs/loader.js:1158:30)\n    at Object.Module._extensions..js (internal/modules/cjs/loader.js:1178:10)\n    at Module.load (internal/modules/cjs/loader.js:1002:32)\n    at Function.Module._load (internal/modules/cjs/loader.js:901:14)\n    at Function.executeUserEntryPoint [as runMain] (internal/modules/run_main.js:74:12)","exception":true,"date":"Sat Aug 22 2020 16:18:00 GMT+0300 (GMT+03:00)","process":{"pid":24908,"uid":null,"gid":null,"cwd":"D:\\newmamash\\mamash\\mamash-server","execPath":"D:\\node\\node.exe","version":"v12.16.1","argv":["D:\\node\\node.exe","D:\\newmamash\\mamash\\mamash-server\\build"],"memoryUsage":{"rss":43868160,"heapTotal":20410368,"heapUsed":14667544,"external":1594999}},"os":{"loadavg":[0,0,0],"uptime":106391},"trace":[{"column":16,"file":"net.js","function":"Server.setupListenHandle [as _listen2]","line":1309,"method":"setupListenHandle [as _listen2]","native":false},{"column":12,"file":"net.js","function":"listenInCluster","line":1357,"method":null,"native":false},{"column":7,"file":"net.js","function":"Server.listen","line":1445,"method":"listen","native":false},{"column":24,"file":"D:\\newmamash\\mamash\\mamash-server\\node_modules\\express\\lib\\application.js","function":"Function.listen","line":618,"method":"listen","native":false},{"column":5,"file":"D:\\newmamash\\mamash\\mamash-server\\build\\index.js","function":null,"line":74,"method":null,"native":false},{"column":30,"file":"internal/modules/cjs/loader.js","function":"Module._compile","line":1158,"method":"_compile","native":false},{"column":10,"file":"internal/modules/cjs/loader.js","function":"Module._extensions..js","line":1178,"method":".js","native":false},{"column":32,"file":"internal/modules/cjs/loader.js","function":"Module.load","line":1002,"method":"load","native":false},{"column":14,"file":"internal/modules/cjs/loader.js","function":"Module._load","line":901,"method":"_load","native":false},{"column":12,"file":"internal/modules/run_main.js","function":"Function.executeUserEntryPoint [as runMain]","line":74,"method":"executeUserEntryPoint [as runMain]","native":false}]}
